<?xml version="1.0" encoding="UTF-8"?>
<robot generator="Robot 6.1.1 (Python 3.10.12 on linux)" generated="20241118 23:00:26.177" rpa="false" schemaversion="4">
<suite id="s1" name="Tests" source="/home/neazahor/Documents/ohtu/palautusrepositorio/viikko3/web-login/src/tests">
<suite id="s1-s1" name="Home" source="/home/neazahor/Documents/ohtu/palautusrepositorio/viikko3/web-login/src/tests/home.robot">
<kw name="Open And Configure Browser" library="resource" type="SETUP">
<if>
<branch type="IF" condition="$BROWSER == 'chrome'">
<kw name="Evaluate" library="BuiltIn">
<var>${options}</var>
<arg>sys.modules['selenium.webdriver'].ChromeOptions()</arg>
<arg>sys</arg>
<doc>Evaluates the given expression in Python and returns the result.</doc>
<msg timestamp="20241118 23:00:26.444" level="INFO">${options} = &lt;selenium.webdriver.chrome.options.Options object at 0x72fd0ef77550&gt;</msg>
<status status="PASS" starttime="20241118 23:00:26.444" endtime="20241118 23:00:26.444"/>
</kw>
<status status="PASS" starttime="20241118 23:00:26.426" endtime="20241118 23:00:26.444"/>
</branch>
<branch type="ELSE IF" condition="$BROWSER == 'firefox'">
<kw name="Evaluate" library="BuiltIn">
<var>${options}</var>
<arg>sys.modules['selenium.webdriver'].FirefoxOptions()</arg>
<arg>sys</arg>
<doc>Evaluates the given expression in Python and returns the result.</doc>
<status status="NOT RUN" starttime="20241118 23:00:26.444" endtime="20241118 23:00:26.444"/>
</kw>
<status status="NOT RUN" starttime="20241118 23:00:26.444" endtime="20241118 23:00:26.445"/>
</branch>
<status status="PASS" starttime="20241118 23:00:26.426" endtime="20241118 23:00:26.445"/>
</if>
<if>
<branch type="IF" condition="$HEADLESS == 'true'">
<kw name="Set Selenium Speed" library="SeleniumLibrary">
<arg>0</arg>
<doc>Sets the delay that is waited after each Selenium command.</doc>
<status status="NOT RUN" starttime="20241118 23:00:26.445" endtime="20241118 23:00:26.445"/>
</kw>
<kw name="Call Method" library="BuiltIn">
<arg>${options}</arg>
<arg>add_argument</arg>
<arg>--headless</arg>
<doc>Calls the named method of the given object with the provided arguments.</doc>
<status status="NOT RUN" starttime="20241118 23:00:26.445" endtime="20241118 23:00:26.445"/>
</kw>
<status status="NOT RUN" starttime="20241118 23:00:26.445" endtime="20241118 23:00:26.445"/>
</branch>
<branch type="ELSE">
<kw name="Set Selenium Speed" library="SeleniumLibrary">
<arg>${DELAY}</arg>
<doc>Sets the delay that is waited after each Selenium command.</doc>
<status status="PASS" starttime="20241118 23:00:26.445" endtime="20241118 23:00:26.445"/>
</kw>
<status status="PASS" starttime="20241118 23:00:26.445" endtime="20241118 23:00:26.445"/>
</branch>
<status status="PASS" starttime="20241118 23:00:26.445" endtime="20241118 23:00:26.445"/>
</if>
<kw name="Open Browser" library="SeleniumLibrary">
<arg>browser=${BROWSER}</arg>
<arg>options=${options}</arg>
<doc>Opens a new browser instance to the optional ``url``.</doc>
<msg timestamp="20241118 23:00:26.446" level="INFO">Opening browser 'chrome' to base url 'None'.</msg>
<msg timestamp="20241118 23:00:26.510" level="WARN">The chromedriver version (130.0.6723.91) detected in PATH at /usr/bin/chromedriver might not be compatible with the detected chrome version (131.0.6778.69); currently, chromedriver 131.0.6778.69 is recommended for chrome 131.*, so it is advised to delete the driver in PATH and retry</msg>
<status status="PASS" starttime="20241118 23:00:26.446" endtime="20241118 23:00:27.247"/>
</kw>
<status status="PASS" starttime="20241118 23:00:26.425" endtime="20241118 23:00:27.247"/>
</kw>
<test id="s1-s1-t1" name="Click Login Link" line="8">
<kw name="Reset Application And Go To Starting Page" type="SETUP">
<kw name="Reset Application" library="AppLibrary">
<status status="PASS" starttime="20241118 23:00:27.248" endtime="20241118 23:00:27.252"/>
</kw>
<kw name="Go To Starting Page" library="resource">
<kw name="Go To" library="SeleniumLibrary">
<arg>${HOME_URL}</arg>
<doc>Navigates the current browser window to the provided ``url``.</doc>
<msg timestamp="20241118 23:00:27.252" level="INFO">Opening url 'http://localhost:5001'</msg>
<status status="PASS" starttime="20241118 23:00:27.252" endtime="20241118 23:00:27.819"/>
</kw>
<status status="PASS" starttime="20241118 23:00:27.252" endtime="20241118 23:00:27.820"/>
</kw>
<status status="PASS" starttime="20241118 23:00:27.248" endtime="20241118 23:00:27.820"/>
</kw>
<kw name="Click Link" library="SeleniumLibrary">
<arg>Login</arg>
<doc>Clicks a link identified by ``locator``.</doc>
<msg timestamp="20241118 23:00:27.823" level="INFO">Clicking link 'Login'.</msg>
<status status="PASS" starttime="20241118 23:00:27.821" endtime="20241118 23:00:29.465"/>
</kw>
<kw name="Login Page Should Be Open" library="resource">
<kw name="Title Should Be" library="SeleniumLibrary">
<arg>Login</arg>
<doc>Verifies that the current page title equals ``title``.</doc>
<msg timestamp="20241118 23:00:29.979" level="INFO">Page title is 'Login'.</msg>
<status status="PASS" starttime="20241118 23:00:29.467" endtime="20241118 23:00:29.979"/>
</kw>
<status status="PASS" starttime="20241118 23:00:29.466" endtime="20241118 23:00:29.979"/>
</kw>
<status status="PASS" starttime="20241118 23:00:27.247" endtime="20241118 23:00:29.980"/>
</test>
<test id="s1-s1-t2" name="Click Register Link" line="12">
<kw name="Reset Application And Go To Starting Page" type="SETUP">
<kw name="Reset Application" library="AppLibrary">
<status status="PASS" starttime="20241118 23:00:29.982" endtime="20241118 23:00:29.988"/>
</kw>
<kw name="Go To Starting Page" library="resource">
<kw name="Go To" library="SeleniumLibrary">
<arg>${HOME_URL}</arg>
<doc>Navigates the current browser window to the provided ``url``.</doc>
<msg timestamp="20241118 23:00:29.989" level="INFO">Opening url 'http://localhost:5001'</msg>
<status status="PASS" starttime="20241118 23:00:29.989" endtime="20241118 23:00:30.539"/>
</kw>
<status status="PASS" starttime="20241118 23:00:29.988" endtime="20241118 23:00:30.539"/>
</kw>
<status status="PASS" starttime="20241118 23:00:29.981" endtime="20241118 23:00:30.540"/>
</kw>
<kw name="Click Link" library="SeleniumLibrary">
<arg>Register new user</arg>
<doc>Clicks a link identified by ``locator``.</doc>
<msg timestamp="20241118 23:00:30.542" level="INFO">Clicking link 'Register new user'.</msg>
<status status="PASS" starttime="20241118 23:00:30.540" endtime="20241118 23:00:32.159"/>
</kw>
<kw name="Register Page Should Be Open" library="resource">
<kw name="Title Should Be" library="SeleniumLibrary">
<arg>Register</arg>
<doc>Verifies that the current page title equals ``title``.</doc>
<msg timestamp="20241118 23:00:32.675" level="INFO">Page title is 'Register'.</msg>
<status status="PASS" starttime="20241118 23:00:32.161" endtime="20241118 23:00:32.676"/>
</kw>
<status status="PASS" starttime="20241118 23:00:32.160" endtime="20241118 23:00:32.676"/>
</kw>
<status status="PASS" starttime="20241118 23:00:29.981" endtime="20241118 23:00:32.677"/>
</test>
<kw name="Close Browser" library="SeleniumLibrary" type="TEARDOWN">
<doc>Closes the current browser.</doc>
<status status="PASS" starttime="20241118 23:00:32.679" endtime="20241118 23:00:33.243"/>
</kw>
<status status="PASS" starttime="20241118 23:00:26.195" endtime="20241118 23:00:33.243"/>
</suite>
<suite id="s1-s2" name="Login" source="/home/neazahor/Documents/ohtu/palautusrepositorio/viikko3/web-login/src/tests/login.robot">
<kw name="Open And Configure Browser" library="resource" type="SETUP">
<if>
<branch type="IF" condition="$BROWSER == 'chrome'">
<kw name="Evaluate" library="BuiltIn">
<var>${options}</var>
<arg>sys.modules['selenium.webdriver'].ChromeOptions()</arg>
<arg>sys</arg>
<doc>Evaluates the given expression in Python and returns the result.</doc>
<msg timestamp="20241118 23:00:33.254" level="INFO">${options} = &lt;selenium.webdriver.chrome.options.Options object at 0x72fd0ee21360&gt;</msg>
<status status="PASS" starttime="20241118 23:00:33.254" endtime="20241118 23:00:33.254"/>
</kw>
<status status="PASS" starttime="20241118 23:00:33.253" endtime="20241118 23:00:33.254"/>
</branch>
<branch type="ELSE IF" condition="$BROWSER == 'firefox'">
<kw name="Evaluate" library="BuiltIn">
<var>${options}</var>
<arg>sys.modules['selenium.webdriver'].FirefoxOptions()</arg>
<arg>sys</arg>
<doc>Evaluates the given expression in Python and returns the result.</doc>
<status status="NOT RUN" starttime="20241118 23:00:33.255" endtime="20241118 23:00:33.255"/>
</kw>
<status status="NOT RUN" starttime="20241118 23:00:33.254" endtime="20241118 23:00:33.255"/>
</branch>
<status status="PASS" starttime="20241118 23:00:33.253" endtime="20241118 23:00:33.255"/>
</if>
<if>
<branch type="IF" condition="$HEADLESS == 'true'">
<kw name="Set Selenium Speed" library="SeleniumLibrary">
<arg>0</arg>
<doc>Sets the delay that is waited after each Selenium command.</doc>
<status status="NOT RUN" starttime="20241118 23:00:33.255" endtime="20241118 23:00:33.255"/>
</kw>
<kw name="Call Method" library="BuiltIn">
<arg>${options}</arg>
<arg>add_argument</arg>
<arg>--headless</arg>
<doc>Calls the named method of the given object with the provided arguments.</doc>
<status status="NOT RUN" starttime="20241118 23:00:33.255" endtime="20241118 23:00:33.255"/>
</kw>
<status status="NOT RUN" starttime="20241118 23:00:33.255" endtime="20241118 23:00:33.255"/>
</branch>
<branch type="ELSE">
<kw name="Set Selenium Speed" library="SeleniumLibrary">
<arg>${DELAY}</arg>
<doc>Sets the delay that is waited after each Selenium command.</doc>
<status status="PASS" starttime="20241118 23:00:33.256" endtime="20241118 23:00:33.256"/>
</kw>
<status status="PASS" starttime="20241118 23:00:33.256" endtime="20241118 23:00:33.256"/>
</branch>
<status status="PASS" starttime="20241118 23:00:33.255" endtime="20241118 23:00:33.256"/>
</if>
<kw name="Open Browser" library="SeleniumLibrary">
<arg>browser=${BROWSER}</arg>
<arg>options=${options}</arg>
<doc>Opens a new browser instance to the optional ``url``.</doc>
<msg timestamp="20241118 23:00:33.257" level="INFO">Opening browser 'chrome' to base url 'None'.</msg>
<msg timestamp="20241118 23:00:33.322" level="WARN">The chromedriver version (130.0.6723.91) detected in PATH at /usr/bin/chromedriver might not be compatible with the detected chrome version (131.0.6778.69); currently, chromedriver 131.0.6778.69 is recommended for chrome 131.*, so it is advised to delete the driver in PATH and retry</msg>
<status status="PASS" starttime="20241118 23:00:33.256" endtime="20241118 23:00:34.014"/>
</kw>
<status status="PASS" starttime="20241118 23:00:33.253" endtime="20241118 23:00:34.014"/>
</kw>
<test id="s1-s2-t1" name="Login With Correct Credentials" line="8">
<kw name="Reset Application Create User And Go To Login Page" type="SETUP">
<kw name="Reset Application" library="AppLibrary">
<status status="PASS" starttime="20241118 23:00:34.016" endtime="20241118 23:00:34.021"/>
</kw>
<kw name="Create User" library="AppLibrary">
<arg>kalle</arg>
<arg>kalle123</arg>
<status status="PASS" starttime="20241118 23:00:34.021" endtime="20241118 23:00:34.030"/>
</kw>
<kw name="Go To Login Page" library="resource">
<kw name="Go To" library="SeleniumLibrary">
<arg>${LOGIN_URL}</arg>
<doc>Navigates the current browser window to the provided ``url``.</doc>
<msg timestamp="20241118 23:00:34.031" level="INFO">Opening url 'http://localhost:5001/login'</msg>
<status status="PASS" starttime="20241118 23:00:34.031" endtime="20241118 23:00:34.626"/>
</kw>
<status status="PASS" starttime="20241118 23:00:34.030" endtime="20241118 23:00:34.627"/>
</kw>
<status status="PASS" starttime="20241118 23:00:34.015" endtime="20241118 23:00:34.627"/>
</kw>
<kw name="Set Username">
<arg>kalle</arg>
<kw name="Input Text" library="SeleniumLibrary">
<arg>username</arg>
<arg>${username}</arg>
<doc>Types the given ``text`` into the text field identified by ``locator``.</doc>
<msg timestamp="20241118 23:00:34.630" level="INFO">Typing text 'kalle' into text field 'username'.</msg>
<status status="PASS" starttime="20241118 23:00:34.629" endtime="20241118 23:00:36.282"/>
</kw>
<status status="PASS" starttime="20241118 23:00:34.628" endtime="20241118 23:00:36.283"/>
</kw>
<kw name="Set Password">
<arg>kalle123</arg>
<kw name="Input Password" library="SeleniumLibrary">
<arg>password</arg>
<arg>${password}</arg>
<doc>Types the given password into the text field identified by ``locator``.</doc>
<msg timestamp="20241118 23:00:36.286" level="INFO">Typing password into text field 'password'.</msg>
<msg timestamp="20241118 23:00:37.348" level="INFO">Temporally setting log level to: NONE</msg>
<msg timestamp="20241118 23:00:37.919" level="INFO">Log level changed from NONE to INFO.</msg>
<status status="PASS" starttime="20241118 23:00:36.285" endtime="20241118 23:00:37.920"/>
</kw>
<status status="PASS" starttime="20241118 23:00:36.283" endtime="20241118 23:00:37.920"/>
</kw>
<kw name="Submit Credentials">
<kw name="Click Button" library="SeleniumLibrary">
<arg>Login</arg>
<doc>Clicks the button identified by ``locator``.</doc>
<msg timestamp="20241118 23:00:37.923" level="INFO">Clicking button 'Login'.</msg>
<status status="PASS" starttime="20241118 23:00:37.922" endtime="20241118 23:00:40.090"/>
</kw>
<status status="PASS" starttime="20241118 23:00:37.921" endtime="20241118 23:00:40.090"/>
</kw>
<kw name="Login Should Succeed">
<kw name="Main Page Should Be Open" library="resource">
<kw name="Title Should Be" library="SeleniumLibrary">
<arg>Ohtu Application main page</arg>
<doc>Verifies that the current page title equals ``title``.</doc>
<msg timestamp="20241118 23:00:40.608" level="INFO">Page title is 'Ohtu Application main page'.</msg>
<status status="PASS" starttime="20241118 23:00:40.093" endtime="20241118 23:00:40.608"/>
</kw>
<status status="PASS" starttime="20241118 23:00:40.092" endtime="20241118 23:00:40.608"/>
</kw>
<status status="PASS" starttime="20241118 23:00:40.091" endtime="20241118 23:00:40.609"/>
</kw>
<status status="PASS" starttime="20241118 23:00:34.014" endtime="20241118 23:00:40.609"/>
</test>
<test id="s1-s2-t2" name="Login With Incorrect Password" line="14">
<kw name="Reset Application Create User And Go To Login Page" type="SETUP">
<kw name="Reset Application" library="AppLibrary">
<status status="PASS" starttime="20241118 23:00:40.611" endtime="20241118 23:00:40.616"/>
</kw>
<kw name="Create User" library="AppLibrary">
<arg>kalle</arg>
<arg>kalle123</arg>
<status status="PASS" starttime="20241118 23:00:40.617" endtime="20241118 23:00:40.626"/>
</kw>
<kw name="Go To Login Page" library="resource">
<kw name="Go To" library="SeleniumLibrary">
<arg>${LOGIN_URL}</arg>
<doc>Navigates the current browser window to the provided ``url``.</doc>
<msg timestamp="20241118 23:00:40.627" level="INFO">Opening url 'http://localhost:5001/login'</msg>
<status status="PASS" starttime="20241118 23:00:40.627" endtime="20241118 23:00:41.179"/>
</kw>
<status status="PASS" starttime="20241118 23:00:40.626" endtime="20241118 23:00:41.180"/>
</kw>
<status status="PASS" starttime="20241118 23:00:40.611" endtime="20241118 23:00:41.180"/>
</kw>
<kw name="Set Username">
<arg>kalle</arg>
<kw name="Input Text" library="SeleniumLibrary">
<arg>username</arg>
<arg>${username}</arg>
<doc>Types the given ``text`` into the text field identified by ``locator``.</doc>
<msg timestamp="20241118 23:00:41.183" level="INFO">Typing text 'kalle' into text field 'username'.</msg>
<status status="PASS" starttime="20241118 23:00:41.182" endtime="20241118 23:00:42.814"/>
</kw>
<status status="PASS" starttime="20241118 23:00:41.181" endtime="20241118 23:00:42.815"/>
</kw>
<kw name="Set Password">
<arg>kalle456</arg>
<kw name="Input Password" library="SeleniumLibrary">
<arg>password</arg>
<arg>${password}</arg>
<doc>Types the given password into the text field identified by ``locator``.</doc>
<msg timestamp="20241118 23:00:42.818" level="INFO">Typing password into text field 'password'.</msg>
<msg timestamp="20241118 23:00:43.864" level="INFO">Temporally setting log level to: NONE</msg>
<msg timestamp="20241118 23:00:44.456" level="INFO">Log level changed from NONE to INFO.</msg>
<status status="PASS" starttime="20241118 23:00:42.816" endtime="20241118 23:00:44.457"/>
</kw>
<status status="PASS" starttime="20241118 23:00:42.815" endtime="20241118 23:00:44.457"/>
</kw>
<kw name="Submit Credentials">
<kw name="Click Button" library="SeleniumLibrary">
<arg>Login</arg>
<doc>Clicks the button identified by ``locator``.</doc>
<msg timestamp="20241118 23:00:44.461" level="INFO">Clicking button 'Login'.</msg>
<status status="PASS" starttime="20241118 23:00:44.459" endtime="20241118 23:00:46.578"/>
</kw>
<status status="PASS" starttime="20241118 23:00:44.458" endtime="20241118 23:00:46.578"/>
</kw>
<kw name="Login Should Fail With Message">
<arg>Invalid username or password</arg>
<kw name="Login Page Should Be Open" library="resource">
<kw name="Title Should Be" library="SeleniumLibrary">
<arg>Login</arg>
<doc>Verifies that the current page title equals ``title``.</doc>
<msg timestamp="20241118 23:00:47.091" level="INFO">Page title is 'Login'.</msg>
<status status="PASS" starttime="20241118 23:00:46.580" endtime="20241118 23:00:47.091"/>
</kw>
<status status="PASS" starttime="20241118 23:00:46.579" endtime="20241118 23:00:47.092"/>
</kw>
<kw name="Page Should Contain" library="SeleniumLibrary">
<arg>${message}</arg>
<doc>Verifies that current page contains ``text``.</doc>
<msg timestamp="20241118 23:00:48.125" level="INFO">Current page contains text 'Invalid username or password'.</msg>
<status status="PASS" starttime="20241118 23:00:47.092" endtime="20241118 23:00:48.125"/>
</kw>
<status status="PASS" starttime="20241118 23:00:46.579" endtime="20241118 23:00:48.126"/>
</kw>
<status status="PASS" starttime="20241118 23:00:40.610" endtime="20241118 23:00:48.126"/>
</test>
<kw name="Close Browser" library="SeleniumLibrary" type="TEARDOWN">
<doc>Closes the current browser.</doc>
<status status="PASS" starttime="20241118 23:00:48.128" endtime="20241118 23:00:48.691"/>
</kw>
<status status="PASS" starttime="20241118 23:00:33.245" endtime="20241118 23:00:48.691"/>
</suite>
<status status="PASS" starttime="20241118 23:00:26.178" endtime="20241118 23:00:48.694"/>
</suite>
<statistics>
<total>
<stat pass="4" fail="0" skip="0">All Tests</stat>
</total>
<tag>
</tag>
<suite>
<stat pass="4" fail="0" skip="0" id="s1" name="Tests">Tests</stat>
<stat pass="2" fail="0" skip="0" id="s1-s1" name="Home">Tests.Home</stat>
<stat pass="2" fail="0" skip="0" id="s1-s2" name="Login">Tests.Login</stat>
</suite>
</statistics>
<errors>
<msg timestamp="20241118 23:00:26.510" level="WARN">The chromedriver version (130.0.6723.91) detected in PATH at /usr/bin/chromedriver might not be compatible with the detected chrome version (131.0.6778.69); currently, chromedriver 131.0.6778.69 is recommended for chrome 131.*, so it is advised to delete the driver in PATH and retry</msg>
<msg timestamp="20241118 23:00:33.322" level="WARN">The chromedriver version (130.0.6723.91) detected in PATH at /usr/bin/chromedriver might not be compatible with the detected chrome version (131.0.6778.69); currently, chromedriver 131.0.6778.69 is recommended for chrome 131.*, so it is advised to delete the driver in PATH and retry</msg>
</errors>
</robot>
