<?xml version="1.0" encoding="UTF-8"?>
<robot generator="Robot 6.1.1 (Python 3.10.12 on linux)" generated="20241118 23:20:44.676" rpa="false" schemaversion="4">
<suite id="s1" name=".." source="/home/neazahor/Documents/ohtu/palautusrepositorio/viikko3/web-login/src/tests/..">
<suite id="s1-s1" name="Tests" source="/home/neazahor/Documents/ohtu/palautusrepositorio/viikko3/web-login/src/tests/../tests">
<suite id="s1-s1-s1" name="Home" source="/home/neazahor/Documents/ohtu/palautusrepositorio/viikko3/web-login/src/tests/../tests/home.robot">
<kw name="Open And Configure Browser" library="resource" type="SETUP">
<if>
<branch type="IF" condition="$BROWSER == 'chrome'">
<kw name="Evaluate" library="BuiltIn">
<var>${options}</var>
<arg>sys.modules['selenium.webdriver'].ChromeOptions()</arg>
<arg>sys</arg>
<doc>Evaluates the given expression in Python and returns the result.</doc>
<msg timestamp="20241118 23:20:44.936" level="INFO">${options} = &lt;selenium.webdriver.chrome.options.Options object at 0x71c42771a680&gt;</msg>
<status status="PASS" starttime="20241118 23:20:44.936" endtime="20241118 23:20:44.936"/>
</kw>
<status status="PASS" starttime="20241118 23:20:44.920" endtime="20241118 23:20:44.936"/>
</branch>
<branch type="ELSE IF" condition="$BROWSER == 'firefox'">
<kw name="Evaluate" library="BuiltIn">
<var>${options}</var>
<arg>sys.modules['selenium.webdriver'].FirefoxOptions()</arg>
<arg>sys</arg>
<doc>Evaluates the given expression in Python and returns the result.</doc>
<status status="NOT RUN" starttime="20241118 23:20:44.936" endtime="20241118 23:20:44.936"/>
</kw>
<status status="NOT RUN" starttime="20241118 23:20:44.936" endtime="20241118 23:20:44.936"/>
</branch>
<status status="PASS" starttime="20241118 23:20:44.920" endtime="20241118 23:20:44.937"/>
</if>
<if>
<branch type="IF" condition="$HEADLESS == 'true'">
<kw name="Set Selenium Speed" library="SeleniumLibrary">
<arg>0</arg>
<doc>Sets the delay that is waited after each Selenium command.</doc>
<status status="NOT RUN" starttime="20241118 23:20:44.937" endtime="20241118 23:20:44.937"/>
</kw>
<kw name="Call Method" library="BuiltIn">
<arg>${options}</arg>
<arg>add_argument</arg>
<arg>--headless</arg>
<doc>Calls the named method of the given object with the provided arguments.</doc>
<status status="NOT RUN" starttime="20241118 23:20:44.937" endtime="20241118 23:20:44.937"/>
</kw>
<status status="NOT RUN" starttime="20241118 23:20:44.937" endtime="20241118 23:20:44.937"/>
</branch>
<branch type="ELSE">
<kw name="Set Selenium Speed" library="SeleniumLibrary">
<arg>${DELAY}</arg>
<doc>Sets the delay that is waited after each Selenium command.</doc>
<status status="PASS" starttime="20241118 23:20:44.937" endtime="20241118 23:20:44.937"/>
</kw>
<status status="PASS" starttime="20241118 23:20:44.937" endtime="20241118 23:20:44.937"/>
</branch>
<status status="PASS" starttime="20241118 23:20:44.937" endtime="20241118 23:20:44.937"/>
</if>
<kw name="Open Browser" library="SeleniumLibrary">
<arg>browser=${BROWSER}</arg>
<arg>options=${options}</arg>
<doc>Opens a new browser instance to the optional ``url``.</doc>
<msg timestamp="20241118 23:20:44.938" level="INFO">Opening browser 'chrome' to base url 'None'.</msg>
<msg timestamp="20241118 23:20:44.997" level="WARN">The chromedriver version (130.0.6723.91) detected in PATH at /usr/bin/chromedriver might not be compatible with the detected chrome version (131.0.6778.69); currently, chromedriver 131.0.6778.69 is recommended for chrome 131.*, so it is advised to delete the driver in PATH and retry</msg>
<status status="PASS" starttime="20241118 23:20:44.938" endtime="20241118 23:20:45.620"/>
</kw>
<status status="PASS" starttime="20241118 23:20:44.919" endtime="20241118 23:20:45.621"/>
</kw>
<test id="s1-s1-s1-t1" name="Click Login Link" line="8">
<kw name="Reset Application And Go To Starting Page" type="SETUP">
<kw name="Reset Application" library="AppLibrary">
<status status="PASS" starttime="20241118 23:20:45.623" endtime="20241118 23:20:45.629"/>
</kw>
<kw name="Go To Starting Page" library="resource">
<kw name="Go To" library="SeleniumLibrary">
<arg>${HOME_URL}</arg>
<doc>Navigates the current browser window to the provided ``url``.</doc>
<msg timestamp="20241118 23:20:45.630" level="INFO">Opening url 'http://localhost:5001'</msg>
<status status="PASS" starttime="20241118 23:20:45.630" endtime="20241118 23:20:46.219"/>
</kw>
<status status="PASS" starttime="20241118 23:20:45.630" endtime="20241118 23:20:46.219"/>
</kw>
<status status="PASS" starttime="20241118 23:20:45.622" endtime="20241118 23:20:46.219"/>
</kw>
<kw name="Click Link" library="SeleniumLibrary">
<arg>Login</arg>
<doc>Clicks a link identified by ``locator``.</doc>
<msg timestamp="20241118 23:20:46.222" level="INFO">Clicking link 'Login'.</msg>
<status status="PASS" starttime="20241118 23:20:46.220" endtime="20241118 23:20:47.879"/>
</kw>
<kw name="Login Page Should Be Open" library="resource">
<kw name="Title Should Be" library="SeleniumLibrary">
<arg>Login</arg>
<doc>Verifies that the current page title equals ``title``.</doc>
<msg timestamp="20241118 23:20:48.395" level="INFO">Page title is 'Login'.</msg>
<status status="PASS" starttime="20241118 23:20:47.881" endtime="20241118 23:20:48.396"/>
</kw>
<status status="PASS" starttime="20241118 23:20:47.880" endtime="20241118 23:20:48.396"/>
</kw>
<status status="PASS" starttime="20241118 23:20:45.621" endtime="20241118 23:20:48.397"/>
</test>
<test id="s1-s1-s1-t2" name="Click Register Link" line="12">
<kw name="Reset Application And Go To Starting Page" type="SETUP">
<kw name="Reset Application" library="AppLibrary">
<status status="PASS" starttime="20241118 23:20:48.400" endtime="20241118 23:20:48.405"/>
</kw>
<kw name="Go To Starting Page" library="resource">
<kw name="Go To" library="SeleniumLibrary">
<arg>${HOME_URL}</arg>
<doc>Navigates the current browser window to the provided ``url``.</doc>
<msg timestamp="20241118 23:20:48.406" level="INFO">Opening url 'http://localhost:5001'</msg>
<status status="PASS" starttime="20241118 23:20:48.406" endtime="20241118 23:20:48.958"/>
</kw>
<status status="PASS" starttime="20241118 23:20:48.405" endtime="20241118 23:20:48.958"/>
</kw>
<status status="PASS" starttime="20241118 23:20:48.399" endtime="20241118 23:20:48.959"/>
</kw>
<kw name="Click Link" library="SeleniumLibrary">
<arg>Register new user</arg>
<doc>Clicks a link identified by ``locator``.</doc>
<msg timestamp="20241118 23:20:48.961" level="INFO">Clicking link 'Register new user'.</msg>
<status status="PASS" starttime="20241118 23:20:48.960" endtime="20241118 23:20:50.590"/>
</kw>
<kw name="Register Page Should Be Open" library="resource">
<kw name="Title Should Be" library="SeleniumLibrary">
<arg>Register</arg>
<doc>Verifies that the current page title equals ``title``.</doc>
<msg timestamp="20241118 23:20:51.104" level="INFO">Page title is 'Register'.</msg>
<status status="PASS" starttime="20241118 23:20:50.593" endtime="20241118 23:20:51.105"/>
</kw>
<status status="PASS" starttime="20241118 23:20:50.591" endtime="20241118 23:20:51.105"/>
</kw>
<status status="PASS" starttime="20241118 23:20:48.398" endtime="20241118 23:20:51.106"/>
</test>
<kw name="Close Browser" library="SeleniumLibrary" type="TEARDOWN">
<doc>Closes the current browser.</doc>
<status status="PASS" starttime="20241118 23:20:51.109" endtime="20241118 23:20:51.673"/>
</kw>
<status status="PASS" starttime="20241118 23:20:44.694" endtime="20241118 23:20:51.673"/>
</suite>
<suite id="s1-s1-s2" name="Login" source="/home/neazahor/Documents/ohtu/palautusrepositorio/viikko3/web-login/src/tests/../tests/login.robot">
<kw name="Open And Configure Browser" library="resource" type="SETUP">
<if>
<branch type="IF" condition="$BROWSER == 'chrome'">
<kw name="Evaluate" library="BuiltIn">
<var>${options}</var>
<arg>sys.modules['selenium.webdriver'].ChromeOptions()</arg>
<arg>sys</arg>
<doc>Evaluates the given expression in Python and returns the result.</doc>
<msg timestamp="20241118 23:20:51.683" level="INFO">${options} = &lt;selenium.webdriver.chrome.options.Options object at 0x71c426de1840&gt;</msg>
<status status="PASS" starttime="20241118 23:20:51.683" endtime="20241118 23:20:51.683"/>
</kw>
<status status="PASS" starttime="20241118 23:20:51.683" endtime="20241118 23:20:51.684"/>
</branch>
<branch type="ELSE IF" condition="$BROWSER == 'firefox'">
<kw name="Evaluate" library="BuiltIn">
<var>${options}</var>
<arg>sys.modules['selenium.webdriver'].FirefoxOptions()</arg>
<arg>sys</arg>
<doc>Evaluates the given expression in Python and returns the result.</doc>
<status status="NOT RUN" starttime="20241118 23:20:51.684" endtime="20241118 23:20:51.684"/>
</kw>
<status status="NOT RUN" starttime="20241118 23:20:51.684" endtime="20241118 23:20:51.684"/>
</branch>
<status status="PASS" starttime="20241118 23:20:51.682" endtime="20241118 23:20:51.684"/>
</if>
<if>
<branch type="IF" condition="$HEADLESS == 'true'">
<kw name="Set Selenium Speed" library="SeleniumLibrary">
<arg>0</arg>
<doc>Sets the delay that is waited after each Selenium command.</doc>
<status status="NOT RUN" starttime="20241118 23:20:51.684" endtime="20241118 23:20:51.684"/>
</kw>
<kw name="Call Method" library="BuiltIn">
<arg>${options}</arg>
<arg>add_argument</arg>
<arg>--headless</arg>
<doc>Calls the named method of the given object with the provided arguments.</doc>
<status status="NOT RUN" starttime="20241118 23:20:51.684" endtime="20241118 23:20:51.685"/>
</kw>
<status status="NOT RUN" starttime="20241118 23:20:51.684" endtime="20241118 23:20:51.685"/>
</branch>
<branch type="ELSE">
<kw name="Set Selenium Speed" library="SeleniumLibrary">
<arg>${DELAY}</arg>
<doc>Sets the delay that is waited after each Selenium command.</doc>
<status status="PASS" starttime="20241118 23:20:51.685" endtime="20241118 23:20:51.685"/>
</kw>
<status status="PASS" starttime="20241118 23:20:51.685" endtime="20241118 23:20:51.685"/>
</branch>
<status status="PASS" starttime="20241118 23:20:51.684" endtime="20241118 23:20:51.685"/>
</if>
<kw name="Open Browser" library="SeleniumLibrary">
<arg>browser=${BROWSER}</arg>
<arg>options=${options}</arg>
<doc>Opens a new browser instance to the optional ``url``.</doc>
<msg timestamp="20241118 23:20:51.686" level="INFO">Opening browser 'chrome' to base url 'None'.</msg>
<msg timestamp="20241118 23:20:51.754" level="WARN">The chromedriver version (130.0.6723.91) detected in PATH at /usr/bin/chromedriver might not be compatible with the detected chrome version (131.0.6778.69); currently, chromedriver 131.0.6778.69 is recommended for chrome 131.*, so it is advised to delete the driver in PATH and retry</msg>
<status status="PASS" starttime="20241118 23:20:51.685" endtime="20241118 23:20:52.421"/>
</kw>
<status status="PASS" starttime="20241118 23:20:51.682" endtime="20241118 23:20:52.421"/>
</kw>
<test id="s1-s1-s2-t1" name="Login With Correct Credentials" line="8">
<kw name="Reset Application Create User And Go To Login Page" type="SETUP">
<kw name="Reset Application" library="AppLibrary">
<status status="PASS" starttime="20241118 23:20:52.423" endtime="20241118 23:20:52.428"/>
</kw>
<kw name="Create User" library="AppLibrary">
<arg>kalle</arg>
<arg>kalle123</arg>
<status status="PASS" starttime="20241118 23:20:52.428" endtime="20241118 23:20:52.443"/>
</kw>
<kw name="Go To Login Page" library="resource">
<kw name="Go To" library="SeleniumLibrary">
<arg>${LOGIN_URL}</arg>
<doc>Navigates the current browser window to the provided ``url``.</doc>
<msg timestamp="20241118 23:20:52.444" level="INFO">Opening url 'http://localhost:5001/login'</msg>
<status status="PASS" starttime="20241118 23:20:52.444" endtime="20241118 23:20:53.043"/>
</kw>
<status status="PASS" starttime="20241118 23:20:52.443" endtime="20241118 23:20:53.044"/>
</kw>
<status status="PASS" starttime="20241118 23:20:52.422" endtime="20241118 23:20:53.044"/>
</kw>
<kw name="Set Username">
<arg>kalle</arg>
<kw name="Input Text" library="SeleniumLibrary">
<arg>username</arg>
<arg>${username}</arg>
<doc>Types the given ``text`` into the text field identified by ``locator``.</doc>
<msg timestamp="20241118 23:20:53.048" level="INFO">Typing text 'kalle' into text field 'username'.</msg>
<status status="PASS" starttime="20241118 23:20:53.046" endtime="20241118 23:20:54.716"/>
</kw>
<status status="PASS" starttime="20241118 23:20:53.045" endtime="20241118 23:20:54.716"/>
</kw>
<kw name="Set Password">
<arg>kalle123</arg>
<kw name="Input Password" library="SeleniumLibrary">
<arg>password</arg>
<arg>${password}</arg>
<doc>Types the given password into the text field identified by ``locator``.</doc>
<msg timestamp="20241118 23:20:54.719" level="INFO">Typing password into text field 'password'.</msg>
<msg timestamp="20241118 23:20:55.781" level="INFO">Temporally setting log level to: NONE</msg>
<msg timestamp="20241118 23:20:56.348" level="INFO">Log level changed from NONE to INFO.</msg>
<status status="PASS" starttime="20241118 23:20:54.718" endtime="20241118 23:20:56.348"/>
</kw>
<status status="PASS" starttime="20241118 23:20:54.717" endtime="20241118 23:20:56.348"/>
</kw>
<kw name="Submit Credentials">
<kw name="Click Button" library="SeleniumLibrary">
<arg>Login</arg>
<doc>Clicks the button identified by ``locator``.</doc>
<msg timestamp="20241118 23:20:56.351" level="INFO">Clicking button 'Login'.</msg>
<status status="PASS" starttime="20241118 23:20:56.350" endtime="20241118 23:20:58.485"/>
</kw>
<status status="PASS" starttime="20241118 23:20:56.349" endtime="20241118 23:20:58.485"/>
</kw>
<kw name="Login Should Succeed">
<kw name="Main Page Should Be Open" library="resource">
<kw name="Title Should Be" library="SeleniumLibrary">
<arg>Ohtu Application main page</arg>
<doc>Verifies that the current page title equals ``title``.</doc>
<msg timestamp="20241118 23:20:58.996" level="INFO">Page title is 'Ohtu Application main page'.</msg>
<status status="PASS" starttime="20241118 23:20:58.486" endtime="20241118 23:20:58.997"/>
</kw>
<status status="PASS" starttime="20241118 23:20:58.486" endtime="20241118 23:20:58.997"/>
</kw>
<status status="PASS" starttime="20241118 23:20:58.485" endtime="20241118 23:20:58.997"/>
</kw>
<status status="PASS" starttime="20241118 23:20:52.421" endtime="20241118 23:20:58.998"/>
</test>
<test id="s1-s1-s2-t2" name="Login With Incorrect Password" line="14">
<kw name="Reset Application Create User And Go To Login Page" type="SETUP">
<kw name="Reset Application" library="AppLibrary">
<status status="PASS" starttime="20241118 23:20:59.001" endtime="20241118 23:20:59.006"/>
</kw>
<kw name="Create User" library="AppLibrary">
<arg>kalle</arg>
<arg>kalle123</arg>
<status status="PASS" starttime="20241118 23:20:59.006" endtime="20241118 23:20:59.017"/>
</kw>
<kw name="Go To Login Page" library="resource">
<kw name="Go To" library="SeleniumLibrary">
<arg>${LOGIN_URL}</arg>
<doc>Navigates the current browser window to the provided ``url``.</doc>
<msg timestamp="20241118 23:20:59.018" level="INFO">Opening url 'http://localhost:5001/login'</msg>
<status status="PASS" starttime="20241118 23:20:59.018" endtime="20241118 23:20:59.567"/>
</kw>
<status status="PASS" starttime="20241118 23:20:59.017" endtime="20241118 23:20:59.567"/>
</kw>
<status status="PASS" starttime="20241118 23:20:59.000" endtime="20241118 23:20:59.568"/>
</kw>
<kw name="Set Username">
<arg>kalle</arg>
<kw name="Input Text" library="SeleniumLibrary">
<arg>username</arg>
<arg>${username}</arg>
<doc>Types the given ``text`` into the text field identified by ``locator``.</doc>
<msg timestamp="20241118 23:20:59.571" level="INFO">Typing text 'kalle' into text field 'username'.</msg>
<status status="PASS" starttime="20241118 23:20:59.570" endtime="20241118 23:21:01.201"/>
</kw>
<status status="PASS" starttime="20241118 23:20:59.568" endtime="20241118 23:21:01.201"/>
</kw>
<kw name="Set Password">
<arg>kalle456</arg>
<kw name="Input Password" library="SeleniumLibrary">
<arg>password</arg>
<arg>${password}</arg>
<doc>Types the given password into the text field identified by ``locator``.</doc>
<msg timestamp="20241118 23:21:01.205" level="INFO">Typing password into text field 'password'.</msg>
<msg timestamp="20241118 23:21:02.256" level="INFO">Temporally setting log level to: NONE</msg>
<msg timestamp="20241118 23:21:02.824" level="INFO">Log level changed from NONE to INFO.</msg>
<status status="PASS" starttime="20241118 23:21:01.203" endtime="20241118 23:21:02.825"/>
</kw>
<status status="PASS" starttime="20241118 23:21:01.202" endtime="20241118 23:21:02.825"/>
</kw>
<kw name="Submit Credentials">
<kw name="Click Button" library="SeleniumLibrary">
<arg>Login</arg>
<doc>Clicks the button identified by ``locator``.</doc>
<msg timestamp="20241118 23:21:02.828" level="INFO">Clicking button 'Login'.</msg>
<status status="PASS" starttime="20241118 23:21:02.826" endtime="20241118 23:21:04.984"/>
</kw>
<status status="PASS" starttime="20241118 23:21:02.826" endtime="20241118 23:21:04.984"/>
</kw>
<kw name="Login Should Fail With Message">
<arg>Invalid username or password</arg>
<kw name="Login Page Should Be Open" library="resource">
<kw name="Title Should Be" library="SeleniumLibrary">
<arg>Login</arg>
<doc>Verifies that the current page title equals ``title``.</doc>
<msg timestamp="20241118 23:21:05.499" level="INFO">Page title is 'Login'.</msg>
<status status="PASS" starttime="20241118 23:21:04.986" endtime="20241118 23:21:05.499"/>
</kw>
<status status="PASS" starttime="20241118 23:21:04.986" endtime="20241118 23:21:05.500"/>
</kw>
<kw name="Page Should Contain" library="SeleniumLibrary">
<arg>${message}</arg>
<doc>Verifies that current page contains ``text``.</doc>
<msg timestamp="20241118 23:21:06.536" level="INFO">Current page contains text 'Invalid username or password'.</msg>
<status status="PASS" starttime="20241118 23:21:05.500" endtime="20241118 23:21:06.536"/>
</kw>
<status status="PASS" starttime="20241118 23:21:04.985" endtime="20241118 23:21:06.537"/>
</kw>
<status status="PASS" starttime="20241118 23:20:58.999" endtime="20241118 23:21:06.538"/>
</test>
<test id="s1-s1-s2-t3" name="Login With Nonextintent Username" line="20">
<kw name="Reset Application Create User And Go To Login Page" type="SETUP">
<kw name="Reset Application" library="AppLibrary">
<status status="PASS" starttime="20241118 23:21:06.541" endtime="20241118 23:21:06.547"/>
</kw>
<kw name="Create User" library="AppLibrary">
<arg>kalle</arg>
<arg>kalle123</arg>
<status status="PASS" starttime="20241118 23:21:06.547" endtime="20241118 23:21:06.555"/>
</kw>
<kw name="Go To Login Page" library="resource">
<kw name="Go To" library="SeleniumLibrary">
<arg>${LOGIN_URL}</arg>
<doc>Navigates the current browser window to the provided ``url``.</doc>
<msg timestamp="20241118 23:21:06.556" level="INFO">Opening url 'http://localhost:5001/login'</msg>
<status status="PASS" starttime="20241118 23:21:06.556" endtime="20241118 23:21:07.102"/>
</kw>
<status status="PASS" starttime="20241118 23:21:06.555" endtime="20241118 23:21:07.102"/>
</kw>
<status status="PASS" starttime="20241118 23:21:06.540" endtime="20241118 23:21:07.102"/>
</kw>
<kw name="Set Username">
<arg>kale</arg>
<kw name="Input Text" library="SeleniumLibrary">
<arg>username</arg>
<arg>${username}</arg>
<doc>Types the given ``text`` into the text field identified by ``locator``.</doc>
<msg timestamp="20241118 23:21:07.106" level="INFO">Typing text 'kale' into text field 'username'.</msg>
<status status="PASS" starttime="20241118 23:21:07.104" endtime="20241118 23:21:08.733"/>
</kw>
<status status="PASS" starttime="20241118 23:21:07.103" endtime="20241118 23:21:08.734"/>
</kw>
<kw name="Set Password">
<arg>dkaksvn</arg>
<kw name="Input Password" library="SeleniumLibrary">
<arg>password</arg>
<arg>${password}</arg>
<doc>Types the given password into the text field identified by ``locator``.</doc>
<msg timestamp="20241118 23:21:08.737" level="INFO">Typing password into text field 'password'.</msg>
<msg timestamp="20241118 23:21:09.792" level="INFO">Temporally setting log level to: NONE</msg>
<msg timestamp="20241118 23:21:10.372" level="INFO">Log level changed from NONE to INFO.</msg>
<status status="PASS" starttime="20241118 23:21:08.736" endtime="20241118 23:21:10.372"/>
</kw>
<status status="PASS" starttime="20241118 23:21:08.735" endtime="20241118 23:21:10.373"/>
</kw>
<kw name="Submit Credentials">
<kw name="Click Button" library="SeleniumLibrary">
<arg>Login</arg>
<doc>Clicks the button identified by ``locator``.</doc>
<msg timestamp="20241118 23:21:10.375" level="INFO">Clicking button 'Login'.</msg>
<status status="PASS" starttime="20241118 23:21:10.374" endtime="20241118 23:21:12.509"/>
</kw>
<status status="PASS" starttime="20241118 23:21:10.373" endtime="20241118 23:21:12.509"/>
</kw>
<kw name="Login Should Fail With Message">
<arg>Invalid username or password</arg>
<kw name="Login Page Should Be Open" library="resource">
<kw name="Title Should Be" library="SeleniumLibrary">
<arg>Login</arg>
<doc>Verifies that the current page title equals ``title``.</doc>
<msg timestamp="20241118 23:21:13.023" level="INFO">Page title is 'Login'.</msg>
<status status="PASS" starttime="20241118 23:21:12.512" endtime="20241118 23:21:13.024"/>
</kw>
<status status="PASS" starttime="20241118 23:21:12.512" endtime="20241118 23:21:13.025"/>
</kw>
<kw name="Page Should Contain" library="SeleniumLibrary">
<arg>${message}</arg>
<doc>Verifies that current page contains ``text``.</doc>
<msg timestamp="20241118 23:21:14.052" level="INFO">Current page contains text 'Invalid username or password'.</msg>
<status status="PASS" starttime="20241118 23:21:13.025" endtime="20241118 23:21:14.053"/>
</kw>
<status status="PASS" starttime="20241118 23:21:12.510" endtime="20241118 23:21:14.053"/>
</kw>
<status status="PASS" starttime="20241118 23:21:06.539" endtime="20241118 23:21:14.054"/>
</test>
<kw name="Close Browser" library="SeleniumLibrary" type="TEARDOWN">
<doc>Closes the current browser.</doc>
<status status="PASS" starttime="20241118 23:21:14.056" endtime="20241118 23:21:14.620"/>
</kw>
<status status="PASS" starttime="20241118 23:20:51.676" endtime="20241118 23:21:14.620"/>
</suite>
<status status="PASS" starttime="20241118 23:20:44.693" endtime="20241118 23:21:14.623"/>
</suite>
<status status="PASS" starttime="20241118 23:20:44.676" endtime="20241118 23:21:14.625"/>
</suite>
<statistics>
<total>
<stat pass="5" fail="0" skip="0">All Tests</stat>
</total>
<tag>
</tag>
<suite>
<stat pass="5" fail="0" skip="0" id="s1" name="..">..</stat>
<stat pass="5" fail="0" skip="0" id="s1-s1" name="Tests">...Tests</stat>
<stat pass="2" fail="0" skip="0" id="s1-s1-s1" name="Home">...Tests.Home</stat>
<stat pass="3" fail="0" skip="0" id="s1-s1-s2" name="Login">...Tests.Login</stat>
</suite>
</statistics>
<errors>
<msg timestamp="20241118 23:20:44.997" level="WARN">The chromedriver version (130.0.6723.91) detected in PATH at /usr/bin/chromedriver might not be compatible with the detected chrome version (131.0.6778.69); currently, chromedriver 131.0.6778.69 is recommended for chrome 131.*, so it is advised to delete the driver in PATH and retry</msg>
<msg timestamp="20241118 23:20:51.754" level="WARN">The chromedriver version (130.0.6723.91) detected in PATH at /usr/bin/chromedriver might not be compatible with the detected chrome version (131.0.6778.69); currently, chromedriver 131.0.6778.69 is recommended for chrome 131.*, so it is advised to delete the driver in PATH and retry</msg>
</errors>
</robot>
